\BOOKMARK [1][-]{tit.1}{title page}{}% 1
\BOOKMARK [1][-]{section.1}{1 Introduction}{}% 2
\BOOKMARK [2][-]{subsection.1.1}{1.1 General}{section.1}% 3
\BOOKMARK [2][-]{subsection.1.2}{1.2 Requirements}{section.1}% 4
\BOOKMARK [1][-]{section.2}{2 General Description of IBIS and the Data Reduction}{}% 5
\BOOKMARK [2][-]{subsection.2.1}{2.1 IBIS}{section.2}% 6
\BOOKMARK [3][-]{subsubsection.2.1.1}{2.1.1 Collimated vs. Telecentric Mount}{subsection.2.1}% 7
\BOOKMARK [3][-]{subsubsection.2.1.2}{2.1.2 Calibrations}{subsection.2.1}% 8
\BOOKMARK [2][-]{subsection.2.2}{2.2 Data Reduction Steps}{section.2}% 9
\BOOKMARK [1][-]{section.3}{3 The GUI}{}% 10
\BOOKMARK [2][-]{subsection.3.1}{3.1 Variables}{section.3}% 11
\BOOKMARK [2][-]{subsection.3.2}{3.2 Observing Mode Choices}{section.3}% 12
\BOOKMARK [2][-]{subsection.3.3}{3.3 WL database -> now obsolete}{section.3}% 13
\BOOKMARK [2][-]{subsection.3.4}{3.4 WL Dark and Flat}{section.3}% 14
\BOOKMARK [2][-]{subsection.3.5}{3.5 NB and WL align}{section.3}% 15
\BOOKMARK [2][-]{subsection.3.6}{3.6 NB Dark and Flat}{section.3}% 16
\BOOKMARK [2][-]{subsection.3.7}{3.7 Calc. Blueshift}{section.3}% 17
\BOOKMARK [2][-]{subsection.3.8}{3.8 NB Gain Table}{section.3}% 18
\BOOKMARK [2][-]{subsection.3.9}{3.9 Prepare Speckle}{section.3}% 19
\BOOKMARK [2][-]{subsection.3.10}{3.10 Open speckle GUI}{section.3}% 20
\BOOKMARK [2][-]{subsection.3.11}{3.11 Speckle to IDL}{section.3}% 21
\BOOKMARK [2][-]{subsection.3.12}{3.12 Destretch Speckle}{section.3}% 22
\BOOKMARK [2][-]{subsection.3.13}{3.13 Reduce Spec Scan}{section.3}% 23
\BOOKMARK [2][-]{subsection.3.14}{3.14 Calc Prefilter}{section.3}% 24
\BOOKMARK [2][-]{subsection.3.15}{3.15 Prefilter -> flat}{section.3}% 25
\BOOKMARK [2][-]{subsection.3.16}{3.16 Combine All}{section.3}% 26
\BOOKMARK [2][-]{subsection.3.17}{3.17 shift NB on WL}{section.3}% 27
\BOOKMARK [2][-]{subsection.3.18}{3.18 reduce IBIS}{section.3}% 28
\BOOKMARK [2][-]{subsection.3.19}{3.19 Find Polcal}{section.3}% 29
\BOOKMARK [2][-]{subsection.3.20}{3.20 Do Polcal}{section.3}% 30
\BOOKMARK [1][-]{section.4}{4 Versions and changes}{}% 31
\BOOKMARK [2][-]{subsection.4.1}{4.1 ToDo and known problems}{section.4}% 32
